Using pre-set license
Built from '2021.3/staging' branch; Version is '2021.3.2f1 (d6360bedb9a0) revision 14038539'; Using compiler version '192829333'; Build Type 'Release'
OS: 'Windows 10  (10.0.19044) 64bit Professional' Language: 'es' Physical Memory: 16296 MB
BatchMode: 1, IsHumanControllingUs: 0, StartBugReporterOnCrash: 0, Is64bit: 1, IsPro: 1

COMMAND LINE ARGUMENTS:
C:\Program Files\Unity\Hub\Editor\2021.3.2f1\Editor\Unity.exe
-adb2
-batchMode
-noUpm
-name
AssetImportWorker4
-projectPath
D:/FACU VJ/1- PROGRAMACIÓN/2-Unity/Baske -Fin de año/basquet/basque
-logFile
Logs/AssetImportWorker4.log
-srvPort
52379
Successfully changed project path to: D:/FACU VJ/1- PROGRAMACIÓN/2-Unity/Baske -Fin de año/basquet/basque
D:/FACU VJ/1- PROGRAMACIÓN/2-Unity/Baske -Fin de año/basquet/basque
[UnityMemory] Configuration Parameters - Can be set up in boot.config
    "memorysetup-bucket-allocator-granularity=16"
    "memorysetup-bucket-allocator-bucket-count=8"
    "memorysetup-bucket-allocator-block-size=33554432"
    "memorysetup-bucket-allocator-block-count=8"
    "memorysetup-main-allocator-block-size=16777216"
    "memorysetup-thread-allocator-block-size=16777216"
    "memorysetup-gfx-main-allocator-block-size=16777216"
    "memorysetup-gfx-thread-allocator-block-size=16777216"
    "memorysetup-cache-allocator-block-size=4194304"
    "memorysetup-typetree-allocator-block-size=2097152"
    "memorysetup-profiler-bucket-allocator-granularity=16"
    "memorysetup-profiler-bucket-allocator-bucket-count=8"
    "memorysetup-profiler-bucket-allocator-block-size=33554432"
    "memorysetup-profiler-bucket-allocator-block-count=8"
    "memorysetup-profiler-allocator-block-size=16777216"
    "memorysetup-profiler-editor-allocator-block-size=1048576"
    "memorysetup-temp-allocator-size-main=16777216"
    "memorysetup-job-temp-allocator-block-size=2097152"
    "memorysetup-job-temp-allocator-block-size-background=1048576"
    "memorysetup-job-temp-allocator-reduction-small-platforms=262144"
    "memorysetup-temp-allocator-size-background-worker=32768"
    "memorysetup-temp-allocator-size-job-worker=262144"
    "memorysetup-temp-allocator-size-preload-manager=33554432"
    "memorysetup-temp-allocator-size-nav-mesh-worker=65536"
    "memorysetup-temp-allocator-size-audio-worker=65536"
    "memorysetup-temp-allocator-size-cloud-worker=32768"
    "memorysetup-temp-allocator-size-gi-baking-worker=262144"
    "memorysetup-temp-allocator-size-gfx=262144"
Refreshing native plugins compatible for Editor in 28.49 ms, found 2 plugins.
Preloading 0 native plugins for Editor in 0.00 ms.
Initialize engine version: 2021.3.2f1 (d6360bedb9a0)
[Subsystems] Discovering subsystems at path C:/Program Files/Unity/Hub/Editor/2021.3.2f1/Editor/Data/Resources/UnitySubsystems
[Subsystems] Discovering subsystems at path D:/FACU VJ/1- PROGRAMACIÓN/2-Unity/Baske -Fin de año/basquet/basque/Assets
GfxDevice: creating device client; threaded=0; jobified=0
Direct3D:
    Version:  Direct3D 11.0 [level 11.1]
    Renderer: NVIDIA GeForce GTX 1650 (ID=0x1f82)
    Vendor:   NVIDIA
    VRAM:     3962 MB
    Driver:   27.21.14.5671
Initialize mono
Mono path[0] = 'C:/Program Files/Unity/Hub/Editor/2021.3.2f1/Editor/Data/Managed'
Mono path[1] = 'C:/Program Files/Unity/Hub/Editor/2021.3.2f1/Editor/Data/MonoBleedingEdge/lib/mono/unityjit-win32'
Mono config path = 'C:/Program Files/Unity/Hub/Editor/2021.3.2f1/Editor/Data/MonoBleedingEdge/etc'
Using monoOptions --debugger-agent=transport=dt_socket,embedding=1,server=y,suspend=n,address=127.0.0.1:56156
Begin MonoManager ReloadAssembly
Registering precompiled unity dll's ...
Register platform support module: C:/Program Files/Unity/Hub/Editor/2021.3.2f1/Editor/Data/PlaybackEngines/WebGLSupport/UnityEditor.WebGL.Extensions.dll
Register platform support module: C:/Program Files/Unity/Hub/Editor/2021.3.2f1/Editor/Data/PlaybackEngines/WindowsStandaloneSupport/UnityEditor.WindowsStandalone.Extensions.dll
Register platform support module: C:/Program Files/Unity/Hub/Editor/2021.3.2f1/Editor/Data/PlaybackEngines/MetroSupport/UnityEditor.UWP.Extensions.dll
Registered in 0.008171 seconds.
Native extension for UWP target not found
Native extension for WindowsStandalone target not found
Native extension for WebGL target not found
Refreshing native plugins compatible for Editor in 27.67 ms, found 2 plugins.
Preloading 0 native plugins for Editor in 0.00 ms.
Mono: successfully reloaded assembly
- Completed reload, in  0.554 seconds
Domain Reload Profiling:
	ReloadAssembly (555ms)
		BeginReloadAssembly (70ms)
			ExecutionOrderSort (0ms)
			DisableScriptedObjects (0ms)
			BackupInstance (0ms)
			ReleaseScriptingObjects (0ms)
			CreateAndSetChildDomain (1ms)
		EndReloadAssembly (374ms)
			LoadAssemblies (69ms)
			RebuildTransferFunctionScriptingTraits (0ms)
			SetupTypeCache (102ms)
			ReleaseScriptCaches (0ms)
			RebuildScriptCaches (28ms)
			SetupLoadedEditorAssemblies (197ms)
				LogAssemblyErrors (0ms)
				InitializePlatformSupportModulesInManaged (9ms)
				SetLoadedEditorAssemblies (0ms)
				RefreshPlugins (28ms)
				BeforeProcessingInitializeOnLoad (1ms)
				ProcessInitializeOnLoadAttributes (116ms)
				ProcessInitializeOnLoadMethodAttributes (41ms)
				AfterProcessingInitializeOnLoad (0ms)
				EditorAssembliesLoaded (0ms)
			ExecutionOrderSort2 (0ms)
			AwakeInstancesAfterBackupRestoration (0ms)
Platform modules already initialized, skipping
Registering precompiled user dll's ...
Registered in 0.002444 seconds.
Begin MonoManager ReloadAssembly
Native extension for UWP target not found
Native extension for WindowsStandalone target not found
Native extension for WebGL target not found
Refreshing native plugins compatible for Editor in 0.36 ms, found 2 plugins.
Preloading 0 native plugins for Editor in 0.00 ms.
Mono: successfully reloaded assembly
- Completed reload, in  0.788 seconds
Domain Reload Profiling:
	ReloadAssembly (789ms)
		BeginReloadAssembly (99ms)
			ExecutionOrderSort (0ms)
			DisableScriptedObjects (6ms)
			BackupInstance (0ms)
			ReleaseScriptingObjects (0ms)
			CreateAndSetChildDomain (17ms)
		EndReloadAssembly (586ms)
			LoadAssemblies (62ms)
			RebuildTransferFunctionScriptingTraits (0ms)
			SetupTypeCache (164ms)
			ReleaseScriptCaches (0ms)
			RebuildScriptCaches (39ms)
			SetupLoadedEditorAssemblies (283ms)
				LogAssemblyErrors (0ms)
				InitializePlatformSupportModulesInManaged (7ms)
				SetLoadedEditorAssemblies (0ms)
				RefreshPlugins (0ms)
				BeforeProcessingInitializeOnLoad (49ms)
				ProcessInitializeOnLoadAttributes (189ms)
				ProcessInitializeOnLoadMethodAttributes (30ms)
				AfterProcessingInitializeOnLoad (7ms)
				EditorAssembliesLoaded (0ms)
			ExecutionOrderSort2 (0ms)
			AwakeInstancesAfterBackupRestoration (5ms)
Platform modules already initialized, skipping
========================================================================
Worker process is ready to serve import requests
Launched and connected shader compiler UnityShaderCompiler.exe after 0.06 seconds
Refreshing native plugins compatible for Editor in 0.36 ms, found 2 plugins.
Preloading 0 native plugins for Editor in 0.00 ms.
Unloading 1668 Unused Serialized files (Serialized files now loaded: 0)
Unloading 18 unused Assets / (21.9 KB). Loaded Objects now: 2144.
Memory consumption went from 77.3 MB to 77.3 MB.
Total: 2.226000 ms (FindLiveObjects: 0.143600 ms CreateObjectMapping: 0.064200 ms MarkObjects: 2.001100 ms  DeleteObjects: 0.016300 ms)

AssetImportParameters requested are different than current active one (requested -> active):
  custom:video-decoder-ogg-theora: a1e56fd34408186e4bbccfd4996cb3dc -> 
  custom:container-muxer-webm: aa71ff27fc2769a1b78a27578f13a17b -> 
  custom:container-demuxer-webm: 4f35f7cbe854078d1ac9338744f61a02 -> 
  custom:video-encoder-webm-vp8: eb34c28f22e8b96e1ab97ce403110664 -> 
  custom:audio-encoder-webm-vorbis: bf7c407c2cedff20999df2af8eb42d56 -> 
  custom:framework-win-MediaFoundation: 216162199b28c13a410421893ffa2e32 -> 
  custom:container-demuxer-ogg: 62fdf1f143b41e24485cea50d1cbac27 -> 
  custom:video-decoder-webm-vp8: 9c59270c3fd7afecdb556c50c9e8de78 -> 
  custom:audio-decoder-ogg-vorbis: bf7c407c2cedff20999df2af8eb42d56 -> 
========================================================================
Received Import Request.
  Time since last request: 35214.284079 seconds.
  path: Assets/Assets/citypack/Prefabs/Streets
  artifactKey: Guid(af370d768e8ed2046bddc89f789a1d90) Importer(815301076,1909f56bfc062723c751e8b465ee728b)
Start importing Assets/Assets/citypack/Prefabs/Streets using Guid(af370d768e8ed2046bddc89f789a1d90) Importer(815301076,1909f56bfc062723c751e8b465ee728b)  -> (artifact id: '8c7f3198ec29a84c4524e025fc8dc12b') in 0.008618 seconds 
========================================================================
Received Import Request.
  Time since last request: 0.035377 seconds.
  path: Assets/Assets/citypack/Prefabs/Streets/Street.prefab
  artifactKey: Guid(a05748e31f9c70c47856e64accbd0afe) Importer(815301076,1909f56bfc062723c751e8b465ee728b)
Start importing Assets/Assets/citypack/Prefabs/Streets/Street.prefab using Guid(a05748e31f9c70c47856e64accbd0afe) Importer(815301076,1909f56bfc062723c751e8b465ee728b)  -> (artifact id: 'cb70a8f1e14d7afd114ec219d05f741f') in 0.123018 seconds 
========================================================================
Received Import Request.
  Time since last request: 0.000015 seconds.
  path: Assets/Assets/citypack/Prefabs/Streets/Street3.prefab
  artifactKey: Guid(db0b9d848d8392b43b69a689954c42e0) Importer(815301076,1909f56bfc062723c751e8b465ee728b)
Start importing Assets/Assets/citypack/Prefabs/Streets/Street3.prefab using Guid(db0b9d848d8392b43b69a689954c42e0) Importer(815301076,1909f56bfc062723c751e8b465ee728b)  -> (artifact id: 'ffda9071d000bdd247f2ff94335e0283') in 0.012207 seconds 
========================================================================
Received Import Request.
  Time since last request: 0.000016 seconds.
  path: Assets/Assets/citypack/Prefabs/Streets/Street20.prefab
  artifactKey: Guid(0888a34edd7794e4f968734aec55fa80) Importer(815301076,1909f56bfc062723c751e8b465ee728b)
Start importing Assets/Assets/citypack/Prefabs/Streets/Street20.prefab using Guid(0888a34edd7794e4f968734aec55fa80) Importer(815301076,1909f56bfc062723c751e8b465ee728b)  -> (artifact id: '1b4570b69227caca9dc3c7971b1c3ec6') in 0.047663 seconds 
========================================================================
Received Import Request.
  Time since last request: 0.000017 seconds.
  path: Assets/Assets/citypack/Prefabs/Streets/Street16.prefab
  artifactKey: Guid(a7adf9e526f57d640a513f201b8ddf56) Importer(815301076,1909f56bfc062723c751e8b465ee728b)
Start importing Assets/Assets/citypack/Prefabs/Streets/Street16.prefab using Guid(a7adf9e526f57d640a513f201b8ddf56) Importer(815301076,1909f56bfc062723c751e8b465ee728b)  -> (artifact id: '2051c5c091ebf07242b5b5fef90cf9df') in 0.010730 seconds 
========================================================================
Received Import Request.
  Time since last request: 0.000039 seconds.
  path: Assets/Assets/citypack/Prefabs/Streets/Street5.prefab
  artifactKey: Guid(f97020ff5083dec479f58ead60c987ea) Importer(815301076,1909f56bfc062723c751e8b465ee728b)
Start importing Assets/Assets/citypack/Prefabs/Streets/Street5.prefab using Guid(f97020ff5083dec479f58ead60c987ea) Importer(815301076,1909f56bfc062723c751e8b465ee728b)  -> (artifact id: '381621d25992023862e2de32b284e9fd') in 0.011832 seconds 
========================================================================
Received Import Request.
  Time since last request: 0.000024 seconds.
  path: Assets/Assets/citypack/Prefabs/Streets/Street12.prefab
  artifactKey: Guid(a79a2f8fc0dc0ca478eea455c736da4d) Importer(815301076,1909f56bfc062723c751e8b465ee728b)
Start importing Assets/Assets/citypack/Prefabs/Streets/Street12.prefab using Guid(a79a2f8fc0dc0ca478eea455c736da4d) Importer(815301076,1909f56bfc062723c751e8b465ee728b)  -> (artifact id: '403eedcd0482fe9f2923d371d26c4c23') in 0.011657 seconds 
========================================================================
Received Import Request.
  Time since last request: 0.000017 seconds.
  path: Assets/Assets/citypack/Prefabs/Streets/Street7.prefab
  artifactKey: Guid(958c42aa1e502fc44935757a6e6cfe64) Importer(815301076,1909f56bfc062723c751e8b465ee728b)
Start importing Assets/Assets/citypack/Prefabs/Streets/Street7.prefab using Guid(958c42aa1e502fc44935757a6e6cfe64) Importer(815301076,1909f56bfc062723c751e8b465ee728b)  -> (artifact id: '791829162c7ddb4978f57ae78a3af2a2') in 0.011534 seconds 
Editor requested this worker to shutdown with reason: Scaling down because of idle timeout
AssetImportWorker is now disconnected from the server
Process exiting
Exiting without the bug reporter. Application will terminate with return code 0