Using pre-set license
Built from '2021.3/staging' branch; Version is '2021.3.2f1 (d6360bedb9a0) revision 14038539'; Using compiler version '192829333'; Build Type 'Release'
OS: 'Windows 10  (10.0.19044) 64bit Professional' Language: 'es' Physical Memory: 16296 MB
BatchMode: 1, IsHumanControllingUs: 0, StartBugReporterOnCrash: 0, Is64bit: 1, IsPro: 1

COMMAND LINE ARGUMENTS:
C:\Program Files\Unity\Hub\Editor\2021.3.2f1\Editor\Unity.exe
-adb2
-batchMode
-noUpm
-name
AssetImportWorker0
-projectPath
D:/FACU VJ/1- PROGRAMACIÓN/2-Unity/Baske -Fin de año/basquet/basque
-logFile
Logs/AssetImportWorker0.log
-srvPort
52379
Successfully changed project path to: D:/FACU VJ/1- PROGRAMACIÓN/2-Unity/Baske -Fin de año/basquet/basque
D:/FACU VJ/1- PROGRAMACIÓN/2-Unity/Baske -Fin de año/basquet/basque
[UnityMemory] Configuration Parameters - Can be set up in boot.config
    "memorysetup-bucket-allocator-granularity=16"
    "memorysetup-bucket-allocator-bucket-count=8"
    "memorysetup-bucket-allocator-block-size=33554432"
    "memorysetup-bucket-allocator-block-count=8"
    "memorysetup-main-allocator-block-size=16777216"
    "memorysetup-thread-allocator-block-size=16777216"
    "memorysetup-gfx-main-allocator-block-size=16777216"
    "memorysetup-gfx-thread-allocator-block-size=16777216"
    "memorysetup-cache-allocator-block-size=4194304"
    "memorysetup-typetree-allocator-block-size=2097152"
    "memorysetup-profiler-bucket-allocator-granularity=16"
    "memorysetup-profiler-bucket-allocator-bucket-count=8"
    "memorysetup-profiler-bucket-allocator-block-size=33554432"
    "memorysetup-profiler-bucket-allocator-block-count=8"
    "memorysetup-profiler-allocator-block-size=16777216"
    "memorysetup-profiler-editor-allocator-block-size=1048576"
    "memorysetup-temp-allocator-size-main=16777216"
    "memorysetup-job-temp-allocator-block-size=2097152"
    "memorysetup-job-temp-allocator-block-size-background=1048576"
    "memorysetup-job-temp-allocator-reduction-small-platforms=262144"
    "memorysetup-temp-allocator-size-background-worker=32768"
    "memorysetup-temp-allocator-size-job-worker=262144"
    "memorysetup-temp-allocator-size-preload-manager=33554432"
    "memorysetup-temp-allocator-size-nav-mesh-worker=65536"
    "memorysetup-temp-allocator-size-audio-worker=65536"
    "memorysetup-temp-allocator-size-cloud-worker=32768"
    "memorysetup-temp-allocator-size-gi-baking-worker=262144"
    "memorysetup-temp-allocator-size-gfx=262144"
Refreshing native plugins compatible for Editor in 29.19 ms, found 2 plugins.
Preloading 0 native plugins for Editor in 0.00 ms.
Initialize engine version: 2021.3.2f1 (d6360bedb9a0)
[Subsystems] Discovering subsystems at path C:/Program Files/Unity/Hub/Editor/2021.3.2f1/Editor/Data/Resources/UnitySubsystems
[Subsystems] Discovering subsystems at path D:/FACU VJ/1- PROGRAMACIÓN/2-Unity/Baske -Fin de año/basquet/basque/Assets
GfxDevice: creating device client; threaded=0; jobified=0
Direct3D:
    Version:  Direct3D 11.0 [level 11.1]
    Renderer: NVIDIA GeForce GTX 1650 (ID=0x1f82)
    Vendor:   NVIDIA
    VRAM:     3962 MB
    Driver:   27.21.14.5671
Initialize mono
Mono path[0] = 'C:/Program Files/Unity/Hub/Editor/2021.3.2f1/Editor/Data/Managed'
Mono path[1] = 'C:/Program Files/Unity/Hub/Editor/2021.3.2f1/Editor/Data/MonoBleedingEdge/lib/mono/unityjit-win32'
Mono config path = 'C:/Program Files/Unity/Hub/Editor/2021.3.2f1/Editor/Data/MonoBleedingEdge/etc'
Using monoOptions --debugger-agent=transport=dt_socket,embedding=1,server=y,suspend=n,address=127.0.0.1:56368
Begin MonoManager ReloadAssembly
Registering precompiled unity dll's ...
Register platform support module: C:/Program Files/Unity/Hub/Editor/2021.3.2f1/Editor/Data/PlaybackEngines/WebGLSupport/UnityEditor.WebGL.Extensions.dll
Register platform support module: C:/Program Files/Unity/Hub/Editor/2021.3.2f1/Editor/Data/PlaybackEngines/WindowsStandaloneSupport/UnityEditor.WindowsStandalone.Extensions.dll
Register platform support module: C:/Program Files/Unity/Hub/Editor/2021.3.2f1/Editor/Data/PlaybackEngines/MetroSupport/UnityEditor.UWP.Extensions.dll
Registered in 0.007148 seconds.
Native extension for UWP target not found
Native extension for WindowsStandalone target not found
Native extension for WebGL target not found
Refreshing native plugins compatible for Editor in 27.47 ms, found 2 plugins.
Preloading 0 native plugins for Editor in 0.00 ms.
Mono: successfully reloaded assembly
- Completed reload, in  0.577 seconds
Domain Reload Profiling:
	ReloadAssembly (578ms)
		BeginReloadAssembly (69ms)
			ExecutionOrderSort (0ms)
			DisableScriptedObjects (0ms)
			BackupInstance (0ms)
			ReleaseScriptingObjects (0ms)
			CreateAndSetChildDomain (1ms)
		EndReloadAssembly (394ms)
			LoadAssemblies (67ms)
			RebuildTransferFunctionScriptingTraits (0ms)
			SetupTypeCache (115ms)
			ReleaseScriptCaches (0ms)
			RebuildScriptCaches (30ms)
			SetupLoadedEditorAssemblies (201ms)
				LogAssemblyErrors (0ms)
				InitializePlatformSupportModulesInManaged (9ms)
				SetLoadedEditorAssemblies (0ms)
				RefreshPlugins (28ms)
				BeforeProcessingInitializeOnLoad (1ms)
				ProcessInitializeOnLoadAttributes (121ms)
				ProcessInitializeOnLoadMethodAttributes (42ms)
				AfterProcessingInitializeOnLoad (0ms)
				EditorAssembliesLoaded (0ms)
			ExecutionOrderSort2 (0ms)
			AwakeInstancesAfterBackupRestoration (0ms)
Platform modules already initialized, skipping
Registering precompiled user dll's ...
Registered in 0.002473 seconds.
Begin MonoManager ReloadAssembly
Native extension for UWP target not found
Native extension for WindowsStandalone target not found
Native extension for WebGL target not found
Refreshing native plugins compatible for Editor in 0.36 ms, found 2 plugins.
Preloading 0 native plugins for Editor in 0.00 ms.
Mono: successfully reloaded assembly
- Completed reload, in  0.833 seconds
Domain Reload Profiling:
	ReloadAssembly (833ms)
		BeginReloadAssembly (102ms)
			ExecutionOrderSort (0ms)
			DisableScriptedObjects (5ms)
			BackupInstance (0ms)
			ReleaseScriptingObjects (0ms)
			CreateAndSetChildDomain (17ms)
		EndReloadAssembly (619ms)
			LoadAssemblies (65ms)
			RebuildTransferFunctionScriptingTraits (0ms)
			SetupTypeCache (178ms)
			ReleaseScriptCaches (0ms)
			RebuildScriptCaches (40ms)
			SetupLoadedEditorAssemblies (302ms)
				LogAssemblyErrors (0ms)
				InitializePlatformSupportModulesInManaged (8ms)
				SetLoadedEditorAssemblies (0ms)
				RefreshPlugins (0ms)
				BeforeProcessingInitializeOnLoad (50ms)
				ProcessInitializeOnLoadAttributes (207ms)
				ProcessInitializeOnLoadMethodAttributes (30ms)
				AfterProcessingInitializeOnLoad (7ms)
				EditorAssembliesLoaded (0ms)
			ExecutionOrderSort2 (0ms)
			AwakeInstancesAfterBackupRestoration (5ms)
Platform modules already initialized, skipping
========================================================================
Worker process is ready to serve import requests
Launched and connected shader compiler UnityShaderCompiler.exe after 0.08 seconds
Refreshing native plugins compatible for Editor in 0.40 ms, found 2 plugins.
Preloading 0 native plugins for Editor in 0.00 ms.
Unloading 1668 Unused Serialized files (Serialized files now loaded: 0)
Unloading 19 unused Assets / (48.3 KB). Loaded Objects now: 2143.
Memory consumption went from 77.3 MB to 77.3 MB.
Total: 2.396000 ms (FindLiveObjects: 0.152300 ms CreateObjectMapping: 0.062700 ms MarkObjects: 2.101600 ms  DeleteObjects: 0.078200 ms)

AssetImportParameters requested are different than current active one (requested -> active):
  custom:video-decoder-ogg-theora: a1e56fd34408186e4bbccfd4996cb3dc -> 
  custom:container-muxer-webm: aa71ff27fc2769a1b78a27578f13a17b -> 
  custom:container-demuxer-webm: 4f35f7cbe854078d1ac9338744f61a02 -> 
  custom:video-encoder-webm-vp8: eb34c28f22e8b96e1ab97ce403110664 -> 
  custom:audio-encoder-webm-vorbis: bf7c407c2cedff20999df2af8eb42d56 -> 
  custom:framework-win-MediaFoundation: 216162199b28c13a410421893ffa2e32 -> 
  custom:container-demuxer-ogg: 62fdf1f143b41e24485cea50d1cbac27 -> 
  custom:video-decoder-webm-vp8: 9c59270c3fd7afecdb556c50c9e8de78 -> 
  custom:audio-decoder-ogg-vorbis: bf7c407c2cedff20999df2af8eb42d56 -> 
========================================================================
Received Import Request.
  Time since last request: 32685.370830 seconds.
  path: Assets/Bouncy Ball.physicMaterial
  artifactKey: Guid(d2405d9899c487e458c56484893222d4) Importer(815301076,1909f56bfc062723c751e8b465ee728b)
Start importing Assets/Bouncy Ball.physicMaterial using Guid(d2405d9899c487e458c56484893222d4) Importer(815301076,1909f56bfc062723c751e8b465ee728b)  -> (artifact id: '6e8f905933448e5efe5c1f78f0f07404') in 0.026961 seconds 
========================================================================
Received Import Request.
  Time since last request: 405.788841 seconds.
  path: Assets/Scenes
  artifactKey: Guid(95a4e5bbcf3cfcb40911dc355781a0a7) Importer(815301076,1909f56bfc062723c751e8b465ee728b)
Start importing Assets/Scenes using Guid(95a4e5bbcf3cfcb40911dc355781a0a7) Importer(815301076,1909f56bfc062723c751e8b465ee728b)  -> (artifact id: '961abd0a6188792a48fc227aa647d7a0') in 0.005272 seconds 
========================================================================
Received Import Request.
  Time since last request: 1.699612 seconds.
  path: Assets/Scenes/SampleScene.unity
  artifactKey: Guid(9fc0d4010bbf28b4594072e72b8655ab) Importer(815301076,1909f56bfc062723c751e8b465ee728b)
Start importing Assets/Scenes/SampleScene.unity using Guid(9fc0d4010bbf28b4594072e72b8655ab) Importer(815301076,1909f56bfc062723c751e8b465ee728b)  -> (artifact id: 'e63b5241bbf95dc1cb60072fe58a776d') in 0.006326 seconds 
========================================================================
Received Import Request.
  Time since last request: 15.967193 seconds.
  path: Assets/Scenes/SampleScene 1.unity
  artifactKey: Guid(328c3c7d566623f4aa0975ae6781819c) Importer(815301076,1909f56bfc062723c751e8b465ee728b)
Start importing Assets/Scenes/SampleScene 1.unity using Guid(328c3c7d566623f4aa0975ae6781819c) Importer(815301076,1909f56bfc062723c751e8b465ee728b)  -> (artifact id: '71f2be526d908de28af6b0e499f6cf08') in 0.005402 seconds 
========================================================================
Received Import Request.
  Time since last request: 101.830340 seconds.
  path: Assets/Assets/Aro.prefab
  artifactKey: Guid(131a8e9f9b1069749b4643af29e39667) Importer(815301076,1909f56bfc062723c751e8b465ee728b)
Start importing Assets/Assets/Aro.prefab using Guid(131a8e9f9b1069749b4643af29e39667) Importer(815301076,1909f56bfc062723c751e8b465ee728b) Tried select unknown importer for id '-2' '00000000000000000000000000000000'
 -> (artifact id: '8fae389d47dd22a1a785c3db6825dfd0') in 0.098566 seconds 
========================================================================
Received Import Request.
  Time since last request: 0.000016 seconds.
  path: Assets/Assets/Piso.prefab
  artifactKey: Guid(cd58f4600a1181d4ba8c0b8d1f7246d0) Importer(815301076,1909f56bfc062723c751e8b465ee728b)
Start importing Assets/Assets/Piso.prefab using Guid(cd58f4600a1181d4ba8c0b8d1f7246d0) Importer(815301076,1909f56bfc062723c751e8b465ee728b)  -> (artifact id: '5289fc128ada16a7da943c01b10d0704') in 0.014022 seconds 
========================================================================
Received Import Request.
  Time since last request: 0.000034 seconds.
  path: Assets/Assets/Personaje 2.prefab
  artifactKey: Guid(57e766b096f874942840fec789f343d0) Importer(815301076,1909f56bfc062723c751e8b465ee728b)
Start importing Assets/Assets/Personaje 2.prefab using Guid(57e766b096f874942840fec789f343d0) Importer(815301076,1909f56bfc062723c751e8b465ee728b) Tried select unknown importer for id '-2' '00000000000000000000000000000000'
 -> (artifact id: '04d9d95f0750aafb64a0ec534d49a777') in 0.021740 seconds 
========================================================================
Received Import Request.
  Time since last request: 14.242258 seconds.
  path: Assets/Assets/citypack/Prefabs/Buildings/BigBuilding 1 b.prefab
  artifactKey: Guid(c82c8d5264fc86744a45be99d0b6b212) Importer(815301076,1909f56bfc062723c751e8b465ee728b)
Start importing Assets/Assets/citypack/Prefabs/Buildings/BigBuilding 1 b.prefab using Guid(c82c8d5264fc86744a45be99d0b6b212) Importer(815301076,1909f56bfc062723c751e8b465ee728b)  -> (artifact id: '6cf432a22b819e30af46e415e76eb839') in 0.014938 seconds 
========================================================================
Received Import Request.
  Time since last request: 0.000023 seconds.
  path: Assets/Assets/citypack/Prefabs/Buildings/House 2 a.prefab
  artifactKey: Guid(68c75f1e8cb614f4a81c5b02db4f1820) Importer(815301076,1909f56bfc062723c751e8b465ee728b)
Start importing Assets/Assets/citypack/Prefabs/Buildings/House 2 a.prefab using Guid(68c75f1e8cb614f4a81c5b02db4f1820) Importer(815301076,1909f56bfc062723c751e8b465ee728b)  -> (artifact id: 'a1640d39379e61aba82d14d9a5727605') in 0.012302 seconds 
========================================================================
Received Import Request.
  Time since last request: 0.000022 seconds.
  path: Assets/Assets/citypack/Prefabs/Buildings/Modernbuilding 3.prefab
  artifactKey: Guid(12aa0b047e7173e49aca5a9abc05a8ce) Importer(815301076,1909f56bfc062723c751e8b465ee728b)
Start importing Assets/Assets/citypack/Prefabs/Buildings/Modernbuilding 3.prefab using Guid(12aa0b047e7173e49aca5a9abc05a8ce) Importer(815301076,1909f56bfc062723c751e8b465ee728b)  -> (artifact id: '486aa8a0b5c128bd4bc7d9f10eb5581c') in 0.017265 seconds 
========================================================================
Received Import Request.
  Time since last request: 0.000028 seconds.
  path: Assets/Assets/citypack/Prefabs/Buildings/HouseBig 5 c.prefab
  artifactKey: Guid(c4fb5797e5e7e6a4abc4182fc5392ca3) Importer(815301076,1909f56bfc062723c751e8b465ee728b)
Start importing Assets/Assets/citypack/Prefabs/Buildings/HouseBig 5 c.prefab using Guid(c4fb5797e5e7e6a4abc4182fc5392ca3) Importer(815301076,1909f56bfc062723c751e8b465ee728b)  -> (artifact id: 'eb6185ae15c2a720aafb6d9cc0205dd7') in 0.013285 seconds 
========================================================================
Received Import Request.
  Time since last request: 0.000031 seconds.
  path: Assets/Assets/citypack/Prefabs/Buildings/House 2 d.prefab
  artifactKey: Guid(cb71992cc9bf7824d8e6ca3d482a7ffe) Importer(815301076,1909f56bfc062723c751e8b465ee728b)
Start importing Assets/Assets/citypack/Prefabs/Buildings/House 2 d.prefab using Guid(cb71992cc9bf7824d8e6ca3d482a7ffe) Importer(815301076,1909f56bfc062723c751e8b465ee728b)  -> (artifact id: 'f1d1fee406d91baa59e41b7528af5b98') in 0.013111 seconds 
========================================================================
Received Import Request.
  Time since last request: 0.000017 seconds.
  path: Assets/Assets/citypack/Prefabs/Buildings/HouseBig 6 b.prefab
  artifactKey: Guid(cf8c9a73b83601c4f9cf9b70bdfbd30d) Importer(815301076,1909f56bfc062723c751e8b465ee728b)
Start importing Assets/Assets/citypack/Prefabs/Buildings/HouseBig 6 b.prefab using Guid(cf8c9a73b83601c4f9cf9b70bdfbd30d) Importer(815301076,1909f56bfc062723c751e8b465ee728b)  -> (artifact id: '4a4cd56e6b5339405d8a303e8f9113a9') in 0.014402 seconds 
========================================================================
Received Import Request.
  Time since last request: 0.000030 seconds.
  path: Assets/Assets/citypack/Prefabs/Buildings/HouseBig 5 b.prefab
  artifactKey: Guid(5810a629df5118e43a8216f29733c898) Importer(815301076,1909f56bfc062723c751e8b465ee728b)
Start importing Assets/Assets/citypack/Prefabs/Buildings/HouseBig 5 b.prefab using Guid(5810a629df5118e43a8216f29733c898) Importer(815301076,1909f56bfc062723c751e8b465ee728b)  -> (artifact id: 'dd6285e0d0acad9ab36fed6f19f65174') in 0.012817 seconds 
========================================================================
Received Import Request.
  Time since last request: 0.000025 seconds.
  path: Assets/Assets/citypack/Prefabs/Buildings/Building 2 c.prefab
  artifactKey: Guid(3ebda5c783623b04198b24eeb372dc4d) Importer(815301076,1909f56bfc062723c751e8b465ee728b)
Start importing Assets/Assets/citypack/Prefabs/Buildings/Building 2 c.prefab using Guid(3ebda5c783623b04198b24eeb372dc4d) Importer(815301076,1909f56bfc062723c751e8b465ee728b)  -> (artifact id: '54fedddf04ff7da1cdcb5c45eee7fca7') in 0.012649 seconds 
========================================================================
Received Import Request.
  Time since last request: 0.000020 seconds.
  path: Assets/Assets/citypack/Prefabs/Buildings/Store 1 c.prefab
  artifactKey: Guid(95fb7f73229ae434a8919ed64ab34f35) Importer(815301076,1909f56bfc062723c751e8b465ee728b)
Start importing Assets/Assets/citypack/Prefabs/Buildings/Store 1 c.prefab using Guid(95fb7f73229ae434a8919ed64ab34f35) Importer(815301076,1909f56bfc062723c751e8b465ee728b)  -> (artifact id: '616ac380a0911e0ac5da153d9c1f5274') in 0.012856 seconds 
========================================================================
Received Import Request.
  Time since last request: 0.000023 seconds.
  path: Assets/Assets/citypack/Prefabs/Buildings/HouseBig 4 c.prefab
  artifactKey: Guid(487f53ca5fad1f241899750c304f09b9) Importer(815301076,1909f56bfc062723c751e8b465ee728b)
Start importing Assets/Assets/citypack/Prefabs/Buildings/HouseBig 4 c.prefab using Guid(487f53ca5fad1f241899750c304f09b9) Importer(815301076,1909f56bfc062723c751e8b465ee728b)  -> (artifact id: 'dc243c395cb67dc203e2b2d49ba6e5ab') in 0.013626 seconds 
========================================================================
Received Import Request.
  Time since last request: 0.000017 seconds.
  path: Assets/Assets/citypack/Prefabs/Buildings/House 1 a.prefab
  artifactKey: Guid(5b95f7ee8d7c95a4db08b5dca4281037) Importer(815301076,1909f56bfc062723c751e8b465ee728b)
Start importing Assets/Assets/citypack/Prefabs/Buildings/House 1 a.prefab using Guid(5b95f7ee8d7c95a4db08b5dca4281037) Importer(815301076,1909f56bfc062723c751e8b465ee728b)  -> (artifact id: '9e2ecbcead4e67242cc44de8bcaaf7b1') in 0.011113 seconds 
========================================================================
Received Import Request.
  Time since last request: 0.000021 seconds.
  path: Assets/Assets/citypack/Prefabs/Buildings/Building 1 a.prefab
  artifactKey: Guid(d591559d458783c4b8ac56fc0c4e4796) Importer(815301076,1909f56bfc062723c751e8b465ee728b)
Start importing Assets/Assets/citypack/Prefabs/Buildings/Building 1 a.prefab using Guid(d591559d458783c4b8ac56fc0c4e4796) Importer(815301076,1909f56bfc062723c751e8b465ee728b)  -> (artifact id: 'd2cf6c68c119b468f2724d37c385500f') in 0.012881 seconds 
========================================================================
Received Import Request.
  Time since last request: 0.000027 seconds.
  path: Assets/Assets/citypack/Prefabs/Buildings/HouseBig 6 a.prefab
  artifactKey: Guid(8a569eab86804504cad69865fecdb918) Importer(815301076,1909f56bfc062723c751e8b465ee728b)
Start importing Assets/Assets/citypack/Prefabs/Buildings/HouseBig 6 a.prefab using Guid(8a569eab86804504cad69865fecdb918) Importer(815301076,1909f56bfc062723c751e8b465ee728b)  -> (artifact id: '87e1414bf911561993c62994d012fec2') in 0.011563 seconds 
========================================================================
Received Import Request.
  Time since last request: 0.000023 seconds.
  path: Assets/Assets/citypack/Prefabs/Buildings/BigBuilding 1 d.prefab
  artifactKey: Guid(7e605560f89c23a48b32caa3beffcfd9) Importer(815301076,1909f56bfc062723c751e8b465ee728b)
Start importing Assets/Assets/citypack/Prefabs/Buildings/BigBuilding 1 d.prefab using Guid(7e605560f89c23a48b32caa3beffcfd9) Importer(815301076,1909f56bfc062723c751e8b465ee728b)  -> (artifact id: 'a9d28d87be526fc52bdea22354b93e78') in 0.012723 seconds 
========================================================================
Received Import Request.
  Time since last request: 0.000021 seconds.
  path: Assets/Assets/citypack/Prefabs/Buildings/Garage 1 .prefab
  artifactKey: Guid(621f48ad8c9b4014bba3675fe9388c1b) Importer(815301076,1909f56bfc062723c751e8b465ee728b)
Start importing Assets/Assets/citypack/Prefabs/Buildings/Garage 1 .prefab using Guid(621f48ad8c9b4014bba3675fe9388c1b) Importer(815301076,1909f56bfc062723c751e8b465ee728b)  -> (artifact id: '94de2307f71df05b32ea068d1f34af64') in 0.012022 seconds 
========================================================================
Received Import Request.
  Time since last request: 0.000024 seconds.
  path: Assets/Assets/citypack/Prefabs/Buildings/HouseBig 5 a.prefab
  artifactKey: Guid(ae7803ba773f19a48baf50d8af5c83f1) Importer(815301076,1909f56bfc062723c751e8b465ee728b)
Start importing Assets/Assets/citypack/Prefabs/Buildings/HouseBig 5 a.prefab using Guid(ae7803ba773f19a48baf50d8af5c83f1) Importer(815301076,1909f56bfc062723c751e8b465ee728b)  -> (artifact id: '241758d5366c56d5932aed64591bf838') in 0.011521 seconds 
========================================================================
Received Import Request.
  Time since last request: 0.000034 seconds.
  path: Assets/Assets/citypack/Prefabs/Buildings/HouseBig 2 b.prefab
  artifactKey: Guid(5f89d67c83eada342928df77fcb34d38) Importer(815301076,1909f56bfc062723c751e8b465ee728b)
Start importing Assets/Assets/citypack/Prefabs/Buildings/HouseBig 2 b.prefab using Guid(5f89d67c83eada342928df77fcb34d38) Importer(815301076,1909f56bfc062723c751e8b465ee728b)  -> (artifact id: '862c2ed1aaca56451c931ceb843c1792') in 0.012887 seconds 
========================================================================
Received Import Request.
  Time since last request: 88.388847 seconds.
  path: Assets/Assets
  artifactKey: Guid(44910078b394c6448a55587f9afb418c) Importer(815301076,1909f56bfc062723c751e8b465ee728b)
Start importing Assets/Assets using Guid(44910078b394c6448a55587f9afb418c) Importer(815301076,1909f56bfc062723c751e8b465ee728b)  -> (artifact id: 'c72eb7d0afd4fc33a387c9c250fc3cbe') in 0.004716 seconds 
========================================================================
Received Import Request.
  Time since last request: 0.626557 seconds.
  path: Assets/Assets/citypack
  artifactKey: Guid(4e27810c8eaf4b045a85e6c92f1a9f21) Importer(815301076,1909f56bfc062723c751e8b465ee728b)
Start importing Assets/Assets/citypack using Guid(4e27810c8eaf4b045a85e6c92f1a9f21) Importer(815301076,1909f56bfc062723c751e8b465ee728b)  -> (artifact id: 'a425d9d4ec6963680a1ea9d365925010') in 0.004819 seconds 
========================================================================
Received Import Request.
  Time since last request: 1.528045 seconds.
  path: Assets/Assets/citypack/Citypack
  artifactKey: Guid(5e15ea5d1e70a4b42ae45fef770bd50d) Importer(815301076,1909f56bfc062723c751e8b465ee728b)
Start importing Assets/Assets/citypack/Citypack using Guid(5e15ea5d1e70a4b42ae45fef770bd50d) Importer(815301076,1909f56bfc062723c751e8b465ee728b)  -> (artifact id: 'fc5ae4f471b06fa0716e317a742cf030') in 0.004612 seconds 
========================================================================
Received Import Request.
  Time since last request: 0.374450 seconds.
  path: Assets/Assets/citypack/Prefabs
  artifactKey: Guid(f94c310e5cad085408d0406d38310996) Importer(815301076,1909f56bfc062723c751e8b465ee728b)
Start importing Assets/Assets/citypack/Prefabs using Guid(f94c310e5cad085408d0406d38310996) Importer(815301076,1909f56bfc062723c751e8b465ee728b)  -> (artifact id: 'ab90c81a57b0650df4d7aaa80ba3dae5') in 0.004512 seconds 
========================================================================
Received Import Request.
  Time since last request: 1.636470 seconds.
  path: Assets/Assets/citypack/Prefabs/Props
  artifactKey: Guid(7a8372060d1c69545acda1d0a4d784a5) Importer(815301076,1909f56bfc062723c751e8b465ee728b)
Start importing Assets/Assets/citypack/Prefabs/Props using Guid(7a8372060d1c69545acda1d0a4d784a5) Importer(815301076,1909f56bfc062723c751e8b465ee728b)  -> (artifact id: 'cd2e62a49c0ad292e936c33d415f9b38') in 0.004143 seconds 
========================================================================
Received Import Request.
  Time since last request: 0.028548 seconds.
  path: Assets/Assets/citypack/Prefabs/Props/Airconditioner.prefab
  artifactKey: Guid(527de0ac900f2004fa8619a6bb9ea570) Importer(815301076,1909f56bfc062723c751e8b465ee728b)
Start importing Assets/Assets/citypack/Prefabs/Props/Airconditioner.prefab using Guid(527de0ac900f2004fa8619a6bb9ea570) Importer(815301076,1909f56bfc062723c751e8b465ee728b)  -> (artifact id: '8660ccf8b83056d8725ba961dde0655a') in 0.014787 seconds 
========================================================================
Received Import Request.
  Time since last request: 0.000023 seconds.
  path: Assets/Assets/citypack/Prefabs/Props/Fount.prefab
  artifactKey: Guid(1db3357d5d995a744b4a633c651d83ab) Importer(815301076,1909f56bfc062723c751e8b465ee728b)
Start importing Assets/Assets/citypack/Prefabs/Props/Fount.prefab using Guid(1db3357d5d995a744b4a633c651d83ab) Importer(815301076,1909f56bfc062723c751e8b465ee728b)  -> (artifact id: '09d683df47e539c7cbf5f8a8762af990') in 0.012316 seconds 
========================================================================
Received Import Request.
  Time since last request: 0.000031 seconds.
  path: Assets/Assets/citypack/Prefabs/Props/Streetcone.prefab
  artifactKey: Guid(d5894ac112f412445a867032235ce9fd) Importer(815301076,1909f56bfc062723c751e8b465ee728b)
Start importing Assets/Assets/citypack/Prefabs/Props/Streetcone.prefab using Guid(d5894ac112f412445a867032235ce9fd) Importer(815301076,1909f56bfc062723c751e8b465ee728b)  -> (artifact id: 'd44733509b63d339b3827fcd74d20f16') in 0.020961 seconds 
========================================================================
Received Import Request.
  Time since last request: 0.000018 seconds.
  path: Assets/Assets/citypack/Prefabs/Props/Foodcar2 Icream Variant.prefab
  artifactKey: Guid(226383d88562d92458d084f4f10fd7b2) Importer(815301076,1909f56bfc062723c751e8b465ee728b)
Start importing Assets/Assets/citypack/Prefabs/Props/Foodcar2 Icream Variant.prefab using Guid(226383d88562d92458d084f4f10fd7b2) Importer(815301076,1909f56bfc062723c751e8b465ee728b)  -> (artifact id: '0f21dc36d3a0b0c2d51bbbe450090da6') in 0.007341 seconds 
========================================================================
Received Import Request.
  Time since last request: 0.000014 seconds.
  path: Assets/Assets/citypack/Prefabs/Props/Light Double.prefab
  artifactKey: Guid(bf81290a14527bd40b2112d10eb6ecaf) Importer(815301076,1909f56bfc062723c751e8b465ee728b)
Start importing Assets/Assets/citypack/Prefabs/Props/Light Double.prefab using Guid(bf81290a14527bd40b2112d10eb6ecaf) Importer(815301076,1909f56bfc062723c751e8b465ee728b)  -> (artifact id: '5ad0de6a386e0c2674832a119383efc5') in 0.010511 seconds 
========================================================================
Received Import Request.
  Time since last request: 0.000017 seconds.
  path: Assets/Assets/citypack/Prefabs/Props/Electricpost.prefab
  artifactKey: Guid(1dfb2639586eb7444ad1c193094df4e5) Importer(815301076,1909f56bfc062723c751e8b465ee728b)
Start importing Assets/Assets/citypack/Prefabs/Props/Electricpost.prefab using Guid(1dfb2639586eb7444ad1c193094df4e5) Importer(815301076,1909f56bfc062723c751e8b465ee728b)  -> (artifact id: '57e34c5b4638a8c643192b4b7188f7be') in 0.010542 seconds 
========================================================================
Received Import Request.
  Time since last request: 0.000024 seconds.
  path: Assets/Assets/citypack/Prefabs/Props/Fence 2.prefab
  artifactKey: Guid(dc77f2c9d8344724599c5348d892e249) Importer(815301076,1909f56bfc062723c751e8b465ee728b)
Start importing Assets/Assets/citypack/Prefabs/Props/Fence 2.prefab using Guid(dc77f2c9d8344724599c5348d892e249) Importer(815301076,1909f56bfc062723c751e8b465ee728b)  -> (artifact id: 'b02380137180d4c1f4a4eee78bf77131') in 0.012757 seconds 
========================================================================
Received Import Request.
  Time since last request: 0.000013 seconds.
  path: Assets/Assets/citypack/Prefabs/Props/Floortrapdoor.prefab
  artifactKey: Guid(d53c3f83f5e209c49a47bea91e57319c) Importer(815301076,1909f56bfc062723c751e8b465ee728b)
Start importing Assets/Assets/citypack/Prefabs/Props/Floortrapdoor.prefab using Guid(d53c3f83f5e209c49a47bea91e57319c) Importer(815301076,1909f56bfc062723c751e8b465ee728b)  -> (artifact id: 'd832a6ecf296bdb22f01cf21a03190b8') in 0.012847 seconds 
========================================================================
Received Import Request.
  Time since last request: 0.000023 seconds.
  path: Assets/Assets/citypack/Prefabs/Props/Mailbox.prefab
  artifactKey: Guid(f85dab875b0875248ad52fe6243727fc) Importer(815301076,1909f56bfc062723c751e8b465ee728b)
Start importing Assets/Assets/citypack/Prefabs/Props/Mailbox.prefab using Guid(f85dab875b0875248ad52fe6243727fc) Importer(815301076,1909f56bfc062723c751e8b465ee728b)  -> (artifact id: '8415983d4c281f210e2ed41bf357e31c') in 0.013966 seconds 
========================================================================
Received Import Request.
  Time since last request: 0.000022 seconds.
  path: Assets/Assets/citypack/Prefabs/Props/Mailbox2.prefab
  artifactKey: Guid(1604c3c64b02f574e8c91e11ead9797d) Importer(815301076,1909f56bfc062723c751e8b465ee728b)
Start importing Assets/Assets/citypack/Prefabs/Props/Mailbox2.prefab using Guid(1604c3c64b02f574e8c91e11ead9797d) Importer(815301076,1909f56bfc062723c751e8b465ee728b)  -> (artifact id: 'f3861d00e83f13632a0fbe60a3b7935d') in 0.023988 seconds 
========================================================================
Received Import Request.
  Time since last request: 0.000021 seconds.
  path: Assets/Assets/citypack/Prefabs/Props/Trashcan 2.prefab
  artifactKey: Guid(b0618f3240afa4d4481751e1d463687d) Importer(815301076,1909f56bfc062723c751e8b465ee728b)
Start importing Assets/Assets/citypack/Prefabs/Props/Trashcan 2.prefab using Guid(b0618f3240afa4d4481751e1d463687d) Importer(815301076,1909f56bfc062723c751e8b465ee728b)  -> (artifact id: '4411c5f90819d550b2970afd72e55110') in 0.013826 seconds 
========================================================================
Received Import Request.
  Time since last request: 0.000027 seconds.
  path: Assets/Assets/citypack/Prefabs/Props/Streetside 1.prefab
  artifactKey: Guid(a7f51d509e2afc3429f4187b28ac5eb6) Importer(815301076,1909f56bfc062723c751e8b465ee728b)
Start importing Assets/Assets/citypack/Prefabs/Props/Streetside 1.prefab using Guid(a7f51d509e2afc3429f4187b28ac5eb6) Importer(815301076,1909f56bfc062723c751e8b465ee728b)  -> (artifact id: '47a94c6a567c499194385edb9fb40f00') in 0.017227 seconds 
========================================================================
Received Import Request.
  Time since last request: 0.000019 seconds.
  path: Assets/Assets/citypack/Prefabs/Props/Streetside 2.prefab
  artifactKey: Guid(22d18bd8a58737940a3d095c6118be7e) Importer(815301076,1909f56bfc062723c751e8b465ee728b)
Start importing Assets/Assets/citypack/Prefabs/Props/Streetside 2.prefab using Guid(22d18bd8a58737940a3d095c6118be7e) Importer(815301076,1909f56bfc062723c751e8b465ee728b)  -> (artifact id: '49718e7f054455c2c165375745e83060') in 0.030116 seconds 
========================================================================
Received Import Request.
  Time since last request: 0.000017 seconds.
  path: Assets/Assets/citypack/Prefabs/Props/Trashbox.prefab
  artifactKey: Guid(b82059326b04af14ea5d55e97983a303) Importer(815301076,1909f56bfc062723c751e8b465ee728b)
Start importing Assets/Assets/citypack/Prefabs/Props/Trashbox.prefab using Guid(b82059326b04af14ea5d55e97983a303) Importer(815301076,1909f56bfc062723c751e8b465ee728b)  -> (artifact id: '75865e45210ffed34747550c6e3ac5cd') in 0.012112 seconds 
========================================================================
Received Import Request.
  Time since last request: 0.000017 seconds.
  path: Assets/Assets/citypack/Prefabs/Props/Streetside 3.prefab
  artifactKey: Guid(1427465ad0eb5134c812280785349c01) Importer(815301076,1909f56bfc062723c751e8b465ee728b)
Start importing Assets/Assets/citypack/Prefabs/Props/Streetside 3.prefab using Guid(1427465ad0eb5134c812280785349c01) Importer(815301076,1909f56bfc062723c751e8b465ee728b)  -> (artifact id: '1ce1d806f4611c92058aa2c98f22f9d3') in 0.014570 seconds 
========================================================================
Received Import Request.
  Time since last request: 0.000018 seconds.
  path: Assets/Assets/citypack/Prefabs/Props/Lightnb.prefab
  artifactKey: Guid(ffa2568d36f82e44cbfdf8924b63ec5a) Importer(815301076,1909f56bfc062723c751e8b465ee728b)
Start importing Assets/Assets/citypack/Prefabs/Props/Lightnb.prefab using Guid(ffa2568d36f82e44cbfdf8924b63ec5a) Importer(815301076,1909f56bfc062723c751e8b465ee728b)  -> (artifact id: '5d065ee6f3ef0eef458677569f1fdd04') in 0.017242 seconds 
========================================================================
Received Import Request.
  Time since last request: 0.000014 seconds.
  path: Assets/Assets/citypack/Prefabs/Props/Tashspot2.prefab
  artifactKey: Guid(3007a280a08171648a3b04bee9525a77) Importer(815301076,1909f56bfc062723c751e8b465ee728b)
Start importing Assets/Assets/citypack/Prefabs/Props/Tashspot2.prefab using Guid(3007a280a08171648a3b04bee9525a77) Importer(815301076,1909f56bfc062723c751e8b465ee728b)  -> (artifact id: '33fe3951cb821d58b00a8e60658dee17') in 0.015719 seconds 
========================================================================
Received Import Request.
  Time since last request: 0.000018 seconds.
  path: Assets/Assets/citypack/Prefabs/Props/Carstop.prefab
  artifactKey: Guid(7c6582095c1f79a4987e80fd20d90202) Importer(815301076,1909f56bfc062723c751e8b465ee728b)
Start importing Assets/Assets/citypack/Prefabs/Props/Carstop.prefab using Guid(7c6582095c1f79a4987e80fd20d90202) Importer(815301076,1909f56bfc062723c751e8b465ee728b)  -> (artifact id: '739b07735b50f7943152019abee2ef86') in 0.011002 seconds 
========================================================================
Received Import Request.
  Time since last request: 0.000016 seconds.
  path: Assets/Assets/citypack/Prefabs/Props/Lighta.prefab
  artifactKey: Guid(e6196e9e69df9294aa79b8b3ec3bd57b) Importer(815301076,1909f56bfc062723c751e8b465ee728b)
Start importing Assets/Assets/citypack/Prefabs/Props/Lighta.prefab using Guid(e6196e9e69df9294aa79b8b3ec3bd57b) Importer(815301076,1909f56bfc062723c751e8b465ee728b)  -> (artifact id: '77ac83baaa631338f46cccb17b1c9365') in 0.010276 seconds 
========================================================================
Received Import Request.
  Time since last request: 0.000019 seconds.
  path: Assets/Assets/citypack/Prefabs/Props/Streetwater.prefab
  artifactKey: Guid(e7fbbece941eb7e4dae033005a6ec0d1) Importer(815301076,1909f56bfc062723c751e8b465ee728b)
Start importing Assets/Assets/citypack/Prefabs/Props/Streetwater.prefab using Guid(e7fbbece941eb7e4dae033005a6ec0d1) Importer(815301076,1909f56bfc062723c751e8b465ee728b)  -> (artifact id: '5076ec3436d4c00cc9848f5bf1ef43dc') in 0.011498 seconds 
========================================================================
Received Import Request.
  Time since last request: 0.000021 seconds.
  path: Assets/Assets/citypack/Prefabs/Props/trash2.prefab
  artifactKey: Guid(bcd4061c51de5c749ab108a8f3091e2d) Importer(815301076,1909f56bfc062723c751e8b465ee728b)
Start importing Assets/Assets/citypack/Prefabs/Props/trash2.prefab using Guid(bcd4061c51de5c749ab108a8f3091e2d) Importer(815301076,1909f56bfc062723c751e8b465ee728b)  -> (artifact id: 'a7aa87e6444a0df518307212af085695') in 0.011879 seconds 
========================================================================
Received Import Request.
  Time since last request: 0.000033 seconds.
  path: Assets/Assets/citypack/Prefabs/Props/Foodcar Sandwich Variant.prefab
  artifactKey: Guid(1fd50f4ebfea3e24c85f73e2c2112b64) Importer(815301076,1909f56bfc062723c751e8b465ee728b)
Start importing Assets/Assets/citypack/Prefabs/Props/Foodcar Sandwich Variant.prefab using Guid(1fd50f4ebfea3e24c85f73e2c2112b64) Importer(815301076,1909f56bfc062723c751e8b465ee728b)  -> (artifact id: '1571d5d51e33236de3f66b200f82688e') in 0.007057 seconds 
========================================================================
Received Import Request.
  Time since last request: 0.000020 seconds.
  path: Assets/Assets/citypack/Prefabs/Props/Streetstop.prefab
  artifactKey: Guid(31bc4563e723ea34c86019af3fd18a71) Importer(815301076,1909f56bfc062723c751e8b465ee728b)
Start importing Assets/Assets/citypack/Prefabs/Props/Streetstop.prefab using Guid(31bc4563e723ea34c86019af3fd18a71) Importer(815301076,1909f56bfc062723c751e8b465ee728b)  -> (artifact id: '67103117b0869266f7e3d3542d759303') in 0.010986 seconds 
========================================================================
Received Import Request.
  Time since last request: 0.000021 seconds.
  path: Assets/Assets/citypack/Prefabs/Props/Tashspot.prefab
  artifactKey: Guid(8ee433d207babd541bef9b6230be8413) Importer(815301076,1909f56bfc062723c751e8b465ee728b)
Start importing Assets/Assets/citypack/Prefabs/Props/Tashspot.prefab using Guid(8ee433d207babd541bef9b6230be8413) Importer(815301076,1909f56bfc062723c751e8b465ee728b)  -> (artifact id: '038ea831eae950c58738102ef0d52626') in 0.011259 seconds 
========================================================================
Received Import Request.
  Time since last request: 0.000023 seconds.
  path: Assets/Assets/citypack/Prefabs/Props/Trashcan3.prefab
  artifactKey: Guid(c02911f72862ada41a59f486320c12bb) Importer(815301076,1909f56bfc062723c751e8b465ee728b)
Start importing Assets/Assets/citypack/Prefabs/Props/Trashcan3.prefab using Guid(c02911f72862ada41a59f486320c12bb) Importer(815301076,1909f56bfc062723c751e8b465ee728b)  -> (artifact id: 'f74b877fdbaafd40973d512381dab84c') in 0.013069 seconds 
========================================================================
Received Import Request.
  Time since last request: 0.000016 seconds.
  path: Assets/Assets/citypack/Prefabs/Props/Farol.prefab
  artifactKey: Guid(91267816d84b8f44eaad8205c39a5e19) Importer(815301076,1909f56bfc062723c751e8b465ee728b)
Start importing Assets/Assets/citypack/Prefabs/Props/Farol.prefab using Guid(91267816d84b8f44eaad8205c39a5e19) Importer(815301076,1909f56bfc062723c751e8b465ee728b)  -> (artifact id: '682af921707b1a7a6c0b0ec2e89d138e') in 0.010493 seconds 
========================================================================
Received Import Request.
  Time since last request: 0.000017 seconds.
  path: Assets/Assets/citypack/Prefabs/Props/Trashcan 1.prefab
  artifactKey: Guid(f36734b91d145344889ed60b6521b70a) Importer(815301076,1909f56bfc062723c751e8b465ee728b)
Start importing Assets/Assets/citypack/Prefabs/Props/Trashcan 1.prefab using Guid(f36734b91d145344889ed60b6521b70a) Importer(815301076,1909f56bfc062723c751e8b465ee728b)  -> (artifact id: 'c046cde831cde33283cded5eb46e0239') in 0.011073 seconds 
Editor requested this worker to shutdown with reason: Scaling down because of idle timeout
AssetImportWorker is now disconnected from the server
Process exiting
Exiting without the bug reporter. Application will terminate with return code 0