Using pre-set license
Built from '2021.3/staging' branch; Version is '2021.3.2f1 (d6360bedb9a0) revision 14038539'; Using compiler version '192829333'; Build Type 'Release'
OS: 'Windows 10  (10.0.19044) 64bit Professional' Language: 'es' Physical Memory: 16296 MB
BatchMode: 1, IsHumanControllingUs: 0, StartBugReporterOnCrash: 0, Is64bit: 1, IsPro: 1

COMMAND LINE ARGUMENTS:
C:\Program Files\Unity\Hub\Editor\2021.3.2f1\Editor\Unity.exe
-adb2
-batchMode
-noUpm
-name
AssetImportWorker2
-projectPath
D:/FACU VJ/1- PROGRAMACIÓN/2-Unity/Baske -Fin de año/basquet/basque
-logFile
Logs/AssetImportWorker2.log
-srvPort
52379
Successfully changed project path to: D:/FACU VJ/1- PROGRAMACIÓN/2-Unity/Baske -Fin de año/basquet/basque
D:/FACU VJ/1- PROGRAMACIÓN/2-Unity/Baske -Fin de año/basquet/basque
[UnityMemory] Configuration Parameters - Can be set up in boot.config
    "memorysetup-bucket-allocator-granularity=16"
    "memorysetup-bucket-allocator-bucket-count=8"
    "memorysetup-bucket-allocator-block-size=33554432"
    "memorysetup-bucket-allocator-block-count=8"
    "memorysetup-main-allocator-block-size=16777216"
    "memorysetup-thread-allocator-block-size=16777216"
    "memorysetup-gfx-main-allocator-block-size=16777216"
    "memorysetup-gfx-thread-allocator-block-size=16777216"
    "memorysetup-cache-allocator-block-size=4194304"
    "memorysetup-typetree-allocator-block-size=2097152"
    "memorysetup-profiler-bucket-allocator-granularity=16"
    "memorysetup-profiler-bucket-allocator-bucket-count=8"
    "memorysetup-profiler-bucket-allocator-block-size=33554432"
    "memorysetup-profiler-bucket-allocator-block-count=8"
    "memorysetup-profiler-allocator-block-size=16777216"
    "memorysetup-profiler-editor-allocator-block-size=1048576"
    "memorysetup-temp-allocator-size-main=16777216"
    "memorysetup-job-temp-allocator-block-size=2097152"
    "memorysetup-job-temp-allocator-block-size-background=1048576"
    "memorysetup-job-temp-allocator-reduction-small-platforms=262144"
    "memorysetup-temp-allocator-size-background-worker=32768"
    "memorysetup-temp-allocator-size-job-worker=262144"
    "memorysetup-temp-allocator-size-preload-manager=33554432"
    "memorysetup-temp-allocator-size-nav-mesh-worker=65536"
    "memorysetup-temp-allocator-size-audio-worker=65536"
    "memorysetup-temp-allocator-size-cloud-worker=32768"
    "memorysetup-temp-allocator-size-gi-baking-worker=262144"
    "memorysetup-temp-allocator-size-gfx=262144"
Refreshing native plugins compatible for Editor in 27.71 ms, found 2 plugins.
Preloading 0 native plugins for Editor in 0.00 ms.
Initialize engine version: 2021.3.2f1 (d6360bedb9a0)
[Subsystems] Discovering subsystems at path C:/Program Files/Unity/Hub/Editor/2021.3.2f1/Editor/Data/Resources/UnitySubsystems
[Subsystems] Discovering subsystems at path D:/FACU VJ/1- PROGRAMACIÓN/2-Unity/Baske -Fin de año/basquet/basque/Assets
GfxDevice: creating device client; threaded=0; jobified=0
Direct3D:
    Version:  Direct3D 11.0 [level 11.1]
    Renderer: NVIDIA GeForce GTX 1650 (ID=0x1f82)
    Vendor:   NVIDIA
    VRAM:     3962 MB
    Driver:   27.21.14.5671
Initialize mono
Mono path[0] = 'C:/Program Files/Unity/Hub/Editor/2021.3.2f1/Editor/Data/Managed'
Mono path[1] = 'C:/Program Files/Unity/Hub/Editor/2021.3.2f1/Editor/Data/MonoBleedingEdge/lib/mono/unityjit-win32'
Mono config path = 'C:/Program Files/Unity/Hub/Editor/2021.3.2f1/Editor/Data/MonoBleedingEdge/etc'
Using monoOptions --debugger-agent=transport=dt_socket,embedding=1,server=y,suspend=n,address=127.0.0.1:56116
Begin MonoManager ReloadAssembly
Registering precompiled unity dll's ...
Register platform support module: C:/Program Files/Unity/Hub/Editor/2021.3.2f1/Editor/Data/PlaybackEngines/WebGLSupport/UnityEditor.WebGL.Extensions.dll
Register platform support module: C:/Program Files/Unity/Hub/Editor/2021.3.2f1/Editor/Data/PlaybackEngines/WindowsStandaloneSupport/UnityEditor.WindowsStandalone.Extensions.dll
Register platform support module: C:/Program Files/Unity/Hub/Editor/2021.3.2f1/Editor/Data/PlaybackEngines/MetroSupport/UnityEditor.UWP.Extensions.dll
Registered in 0.007226 seconds.
Native extension for UWP target not found
Native extension for WindowsStandalone target not found
Native extension for WebGL target not found
Refreshing native plugins compatible for Editor in 27.89 ms, found 2 plugins.
Preloading 0 native plugins for Editor in 0.00 ms.
Mono: successfully reloaded assembly
- Completed reload, in  0.540 seconds
Domain Reload Profiling:
	ReloadAssembly (540ms)
		BeginReloadAssembly (65ms)
			ExecutionOrderSort (0ms)
			DisableScriptedObjects (0ms)
			BackupInstance (0ms)
			ReleaseScriptingObjects (0ms)
			CreateAndSetChildDomain (1ms)
		EndReloadAssembly (370ms)
			LoadAssemblies (64ms)
			RebuildTransferFunctionScriptingTraits (0ms)
			SetupTypeCache (101ms)
			ReleaseScriptCaches (0ms)
			RebuildScriptCaches (26ms)
			SetupLoadedEditorAssemblies (196ms)
				LogAssemblyErrors (0ms)
				InitializePlatformSupportModulesInManaged (9ms)
				SetLoadedEditorAssemblies (0ms)
				RefreshPlugins (28ms)
				BeforeProcessingInitializeOnLoad (1ms)
				ProcessInitializeOnLoadAttributes (116ms)
				ProcessInitializeOnLoadMethodAttributes (41ms)
				AfterProcessingInitializeOnLoad (0ms)
				EditorAssembliesLoaded (0ms)
			ExecutionOrderSort2 (0ms)
			AwakeInstancesAfterBackupRestoration (0ms)
Platform modules already initialized, skipping
Registering precompiled user dll's ...
Registered in 0.002428 seconds.
Begin MonoManager ReloadAssembly
Native extension for UWP target not found
Native extension for WindowsStandalone target not found
Native extension for WebGL target not found
Refreshing native plugins compatible for Editor in 0.39 ms, found 2 plugins.
Preloading 0 native plugins for Editor in 0.00 ms.
Mono: successfully reloaded assembly
- Completed reload, in  0.789 seconds
Domain Reload Profiling:
	ReloadAssembly (789ms)
		BeginReloadAssembly (102ms)
			ExecutionOrderSort (0ms)
			DisableScriptedObjects (5ms)
			BackupInstance (0ms)
			ReleaseScriptingObjects (0ms)
			CreateAndSetChildDomain (17ms)
		EndReloadAssembly (580ms)
			LoadAssemblies (65ms)
			RebuildTransferFunctionScriptingTraits (0ms)
			SetupTypeCache (163ms)
			ReleaseScriptCaches (0ms)
			RebuildScriptCaches (38ms)
			SetupLoadedEditorAssemblies (280ms)
				LogAssemblyErrors (0ms)
				InitializePlatformSupportModulesInManaged (8ms)
				SetLoadedEditorAssemblies (0ms)
				RefreshPlugins (0ms)
				BeforeProcessingInitializeOnLoad (49ms)
				ProcessInitializeOnLoadAttributes (190ms)
				ProcessInitializeOnLoadMethodAttributes (26ms)
				AfterProcessingInitializeOnLoad (7ms)
				EditorAssembliesLoaded (0ms)
			ExecutionOrderSort2 (0ms)
			AwakeInstancesAfterBackupRestoration (5ms)
Platform modules already initialized, skipping
========================================================================
Worker process is ready to serve import requests
Launched and connected shader compiler UnityShaderCompiler.exe after 0.06 seconds
Refreshing native plugins compatible for Editor in 0.39 ms, found 2 plugins.
Preloading 0 native plugins for Editor in 0.00 ms.
Unloading 1668 Unused Serialized files (Serialized files now loaded: 0)
Unloading 19 unused Assets / (48.3 KB). Loaded Objects now: 2143.
Memory consumption went from 77.3 MB to 77.3 MB.
Total: 2.853800 ms (FindLiveObjects: 0.143700 ms CreateObjectMapping: 0.054800 ms MarkObjects: 2.581600 ms  DeleteObjects: 0.072900 ms)

AssetImportParameters requested are different than current active one (requested -> active):
  custom:video-decoder-ogg-theora: a1e56fd34408186e4bbccfd4996cb3dc -> 
  custom:container-muxer-webm: aa71ff27fc2769a1b78a27578f13a17b -> 
  custom:container-demuxer-webm: 4f35f7cbe854078d1ac9338744f61a02 -> 
  custom:video-encoder-webm-vp8: eb34c28f22e8b96e1ab97ce403110664 -> 
  custom:audio-encoder-webm-vorbis: bf7c407c2cedff20999df2af8eb42d56 -> 
  custom:framework-win-MediaFoundation: 216162199b28c13a410421893ffa2e32 -> 
  custom:container-demuxer-ogg: 62fdf1f143b41e24485cea50d1cbac27 -> 
  custom:video-decoder-webm-vp8: 9c59270c3fd7afecdb556c50c9e8de78 -> 
  custom:audio-decoder-ogg-vorbis: bf7c407c2cedff20999df2af8eb42d56 -> 
========================================================================
Received Import Request.
  Time since last request: 33222.067724 seconds.
  path: Assets/Assets/citypack/Citypack/Skybox.mat
  artifactKey: Guid(ad247cb2d092c9b44bbae400de08a81e) Importer(815301076,1909f56bfc062723c751e8b465ee728b)
Start importing Assets/Assets/citypack/Citypack/Skybox.mat using Guid(ad247cb2d092c9b44bbae400de08a81e) Importer(815301076,1909f56bfc062723c751e8b465ee728b)  -> (artifact id: '975f3faad9db590fc45cc1f941ffdb7f') in 0.122775 seconds 
========================================================================
Received Import Request.
  Time since last request: 2.864093 seconds.
  path: Assets/Assets/citypack/Prefabs/Buildings
  artifactKey: Guid(ae82051f9255838458d5bbcee82e3e5e) Importer(815301076,1909f56bfc062723c751e8b465ee728b)
Start importing Assets/Assets/citypack/Prefabs/Buildings using Guid(ae82051f9255838458d5bbcee82e3e5e) Importer(815301076,1909f56bfc062723c751e8b465ee728b)  -> (artifact id: '7d0ab77b1bd23921e7aea3d11f4eba38') in 0.006097 seconds 
========================================================================
Received Import Request.
  Time since last request: 0.031048 seconds.
  path: Assets/Assets/citypack/Prefabs/Buildings/BigBuilding 1 a.prefab
  artifactKey: Guid(75eaf151b66970d44a987cbc5925ccf7) Importer(815301076,1909f56bfc062723c751e8b465ee728b)
Start importing Assets/Assets/citypack/Prefabs/Buildings/BigBuilding 1 a.prefab using Guid(75eaf151b66970d44a987cbc5925ccf7) Importer(815301076,1909f56bfc062723c751e8b465ee728b)  -> (artifact id: '51ee83ca359c2306c306d348dd5530eb') in 0.038166 seconds 
========================================================================
Received Import Request.
  Time since last request: 0.000028 seconds.
  path: Assets/Assets/citypack/Prefabs/Buildings/House 3 d.prefab
  artifactKey: Guid(b7f400462dd8ef446ad7817f21622408) Importer(815301076,1909f56bfc062723c751e8b465ee728b)
Start importing Assets/Assets/citypack/Prefabs/Buildings/House 3 d.prefab using Guid(b7f400462dd8ef446ad7817f21622408) Importer(815301076,1909f56bfc062723c751e8b465ee728b)  -> (artifact id: '0db382a650a6054970c137f8f2bbf6a8') in 0.016918 seconds 
========================================================================
Received Import Request.
  Time since last request: 0.000024 seconds.
  path: Assets/Assets/citypack/Prefabs/Buildings/House 1 c.prefab
  artifactKey: Guid(8fd35b098cc65794692f150c98036304) Importer(815301076,1909f56bfc062723c751e8b465ee728b)
Start importing Assets/Assets/citypack/Prefabs/Buildings/House 1 c.prefab using Guid(8fd35b098cc65794692f150c98036304) Importer(815301076,1909f56bfc062723c751e8b465ee728b)  -> (artifact id: 'c96a88d36edd113b90cbc15900e052a9') in 0.017595 seconds 
========================================================================
Received Import Request.
  Time since last request: 0.000023 seconds.
  path: Assets/Assets/citypack/Prefabs/Buildings/Store 1 b.prefab
  artifactKey: Guid(3dc066f6da2e00f45a06d6ccc957174b) Importer(815301076,1909f56bfc062723c751e8b465ee728b)
Start importing Assets/Assets/citypack/Prefabs/Buildings/Store 1 b.prefab using Guid(3dc066f6da2e00f45a06d6ccc957174b) Importer(815301076,1909f56bfc062723c751e8b465ee728b)  -> (artifact id: '187102fa898747e7e8f2b1011a437dc8') in 0.011992 seconds 
========================================================================
Received Import Request.
  Time since last request: 0.000025 seconds.
  path: Assets/Assets/citypack/Prefabs/Buildings/House 3 b.prefab
  artifactKey: Guid(7cee30f8f9e00254cbd3b0a97ae1c48b) Importer(815301076,1909f56bfc062723c751e8b465ee728b)
Start importing Assets/Assets/citypack/Prefabs/Buildings/House 3 b.prefab using Guid(7cee30f8f9e00254cbd3b0a97ae1c48b) Importer(815301076,1909f56bfc062723c751e8b465ee728b)  -> (artifact id: '087040f2e1e80806b5c19a642c202bba') in 0.013023 seconds 
========================================================================
Received Import Request.
  Time since last request: 0.000039 seconds.
  path: Assets/Assets/citypack/Prefabs/Buildings/Building 1 b.prefab
  artifactKey: Guid(2115ac70f49ee2c4d8c318a8d6baa8b1) Importer(815301076,1909f56bfc062723c751e8b465ee728b)
Start importing Assets/Assets/citypack/Prefabs/Buildings/Building 1 b.prefab using Guid(2115ac70f49ee2c4d8c318a8d6baa8b1) Importer(815301076,1909f56bfc062723c751e8b465ee728b)  -> (artifact id: '23e9c8d5c6e5f559d492a288434c81df') in 0.013444 seconds 
========================================================================
Received Import Request.
  Time since last request: 0.000028 seconds.
  path: Assets/Assets/citypack/Prefabs/Buildings/HouseBig 6 c.prefab
  artifactKey: Guid(29da39f8a3cc72b4eb9a867d99c8c372) Importer(815301076,1909f56bfc062723c751e8b465ee728b)
Start importing Assets/Assets/citypack/Prefabs/Buildings/HouseBig 6 c.prefab using Guid(29da39f8a3cc72b4eb9a867d99c8c372) Importer(815301076,1909f56bfc062723c751e8b465ee728b)  -> (artifact id: 'fb2dd83b9b9e0e0bbbf20957f60cd0cb') in 0.013610 seconds 
========================================================================
Received Import Request.
  Time since last request: 0.000028 seconds.
  path: Assets/Assets/citypack/Prefabs/Buildings/House 1 d.prefab
  artifactKey: Guid(474ce88a8f962364c955156ccad6e8f7) Importer(815301076,1909f56bfc062723c751e8b465ee728b)
Start importing Assets/Assets/citypack/Prefabs/Buildings/House 1 d.prefab using Guid(474ce88a8f962364c955156ccad6e8f7) Importer(815301076,1909f56bfc062723c751e8b465ee728b)  -> (artifact id: '301ac59c487c0fbcf68390e180c93347') in 0.013508 seconds 
========================================================================
Received Import Request.
  Time since last request: 0.000026 seconds.
  path: Assets/Assets/citypack/Prefabs/Buildings/House 2 c.prefab
  artifactKey: Guid(5c3a82ac523453d4a8f48d112861c44b) Importer(815301076,1909f56bfc062723c751e8b465ee728b)
Start importing Assets/Assets/citypack/Prefabs/Buildings/House 2 c.prefab using Guid(5c3a82ac523453d4a8f48d112861c44b) Importer(815301076,1909f56bfc062723c751e8b465ee728b)  -> (artifact id: 'e3760f4926f280b0f7c64e9eeb355c91') in 0.014102 seconds 
========================================================================
Received Import Request.
  Time since last request: 0.000028 seconds.
  path: Assets/Assets/citypack/Prefabs/Buildings/HouseBig 3 b.prefab
  artifactKey: Guid(9a4f5b0a0b2715447909b115341f0e66) Importer(815301076,1909f56bfc062723c751e8b465ee728b)
Start importing Assets/Assets/citypack/Prefabs/Buildings/HouseBig 3 b.prefab using Guid(9a4f5b0a0b2715447909b115341f0e66) Importer(815301076,1909f56bfc062723c751e8b465ee728b)  -> (artifact id: '20ade574ac6dd0b780de9aefad927569') in 0.012421 seconds 
========================================================================
Received Import Request.
  Time since last request: 0.000024 seconds.
  path: Assets/Assets/citypack/Prefabs/Buildings/HouseBig 1 c.prefab
  artifactKey: Guid(fd25ff0a7b42f06458d265de7a625fee) Importer(815301076,1909f56bfc062723c751e8b465ee728b)
Start importing Assets/Assets/citypack/Prefabs/Buildings/HouseBig 1 c.prefab using Guid(fd25ff0a7b42f06458d265de7a625fee) Importer(815301076,1909f56bfc062723c751e8b465ee728b)  -> (artifact id: 'f60e2b6fe46a2f4973aede77bf204b4b') in 0.014013 seconds 
========================================================================
Received Import Request.
  Time since last request: 0.000023 seconds.
  path: Assets/Assets/citypack/Prefabs/Buildings/House 1 b.prefab
  artifactKey: Guid(37583e88c4c3231409b2b8b75e050e8a) Importer(815301076,1909f56bfc062723c751e8b465ee728b)
Start importing Assets/Assets/citypack/Prefabs/Buildings/House 1 b.prefab using Guid(37583e88c4c3231409b2b8b75e050e8a) Importer(815301076,1909f56bfc062723c751e8b465ee728b)  -> (artifact id: 'e01a4ed080086ce727ce5f50a451babf') in 0.012437 seconds 
========================================================================
Received Import Request.
  Time since last request: 0.000027 seconds.
  path: Assets/Assets/citypack/Prefabs/Buildings/HouseBig 4 b.prefab
  artifactKey: Guid(fffd9d6aa2f39c04db1456bad9f3966e) Importer(815301076,1909f56bfc062723c751e8b465ee728b)
Start importing Assets/Assets/citypack/Prefabs/Buildings/HouseBig 4 b.prefab using Guid(fffd9d6aa2f39c04db1456bad9f3966e) Importer(815301076,1909f56bfc062723c751e8b465ee728b)  -> (artifact id: 'ab83376dc9e11670d3ce88cd20e98fc6') in 0.013100 seconds 
========================================================================
Received Import Request.
  Time since last request: 0.000032 seconds.
  path: Assets/Assets/citypack/Prefabs/Buildings/HouseBig 1 a.prefab
  artifactKey: Guid(010e9ca7aee86ba47a9f7975706b4786) Importer(815301076,1909f56bfc062723c751e8b465ee728b)
Start importing Assets/Assets/citypack/Prefabs/Buildings/HouseBig 1 a.prefab using Guid(010e9ca7aee86ba47a9f7975706b4786) Importer(815301076,1909f56bfc062723c751e8b465ee728b)  -> (artifact id: '101f56d51ef0ed37e521fb4197df06c0') in 0.013689 seconds 
Editor requested this worker to shutdown with reason: Scaling down because of idle timeout
AssetImportWorker is now disconnected from the server
Process exiting
Exiting without the bug reporter. Application will terminate with return code 0